
*** Running vivado
    with args -log FreqCounter_v1_0.vds -m64 -mode batch -messageDb vivado.pb -source FreqCounter_v1_0.tcl


****** Vivado v2014.4 (64-bit)
  **** SW Build 1071353 on Tue Nov 18 18:29:27 MST 2014
  **** IP Build 1070531 on Tue Nov 18 01:10:18 MST 2014
    ** Copyright 1986-2014 Xilinx, Inc. All Rights Reserved.

source FreqCounter_v1_0.tcl
# set_param gui.test TreeTableDev
# debug::add_scope template.lib 1
# set_msg_config -id {HDL 9-1061} -limit 100000
# set_msg_config -id {HDL 9-1654} -limit 100000
# create_project -in_memory -part xc7a100tcsg324-1
WARNING: [Board 49-26] cannot add Board Part xilinx.com:kc705:part0:0.9 available at C:/Xilinx/Vivado/2014.4/data/boards/board_parts/kintex7/kc705/0.9/board_part.xml as part xc7k325tffg900-2 specified in board_part file is either invalid or not available
WARNING: [Board 49-26] cannot add Board Part xilinx.com:kc705:part0:1.0 available at C:/Xilinx/Vivado/2014.4/data/boards/board_parts/kintex7/kc705/1.0/board_part.xml as part xc7k325tffg900-2 specified in board_part file is either invalid or not available
WARNING: [Board 49-26] cannot add Board Part xilinx.com:kc705:part0:1.1 available at C:/Xilinx/Vivado/2014.4/data/boards/board_parts/kintex7/kc705/1.1/board_part.xml as part xc7k325tffg900-2 specified in board_part file is either invalid or not available
WARNING: [Board 49-26] cannot add Board Part xilinx.com:zc706:part0:0.9 available at C:/Xilinx/Vivado/2014.4/data/boards/board_parts/zynq/zc706/0.9/board_part.xml as part xc7z045ffg900-2 specified in board_part file is either invalid or not available
WARNING: [Board 49-26] cannot add Board Part xilinx.com:zc706:part0:1.0 available at C:/Xilinx/Vivado/2014.4/data/boards/board_parts/zynq/zc706/1.0/board_part.xml as part xc7z045ffg900-2 specified in board_part file is either invalid or not available
WARNING: [Board 49-26] cannot add Board Part xilinx.com:zc706:part0:1.1 available at C:/Xilinx/Vivado/2014.4/data/boards/board_parts/zynq/zc706/1.1/board_part.xml as part xc7z045ffg900-2 specified in board_part file is either invalid or not available
# set_param project.compositeFile.enableAutoGeneration 0
# set_param synth.vivado.isSynthRun true
# set_property webtalk.parent_dir c:/users/paul/dropbox/1-ece544/projects/ip_repo/freqcounter_1.0/freqcounter_v1_0_v1_0_project/FreqCounter_v1_0_v1_0_project.cache/wt [current_project]
# set_property parent.project_path c:/users/paul/dropbox/1-ece544/projects/ip_repo/freqcounter_1.0/freqcounter_v1_0_v1_0_project/FreqCounter_v1_0_v1_0_project.xpr [current_project]
# set_property default_lib xil_defaultlib [current_project]
# set_property target_language Verilog [current_project]
# set_property ip_repo_paths C:/Users/Paul/Dropbox/1-ECE544/Projects/ip_repo/FreqCounter_1.0 [current_project]
# read_verilog -library xil_defaultlib {
#   c:/users/paul/dropbox/1-ece544/projects/ip_repo/freqcounter_1.0/freqcounter_v1_0_v1_0_project/FreqCounter_v1_0_v1_0_project.srcs/sources_1/imports/new/pw_det.v
#   c:/users/paul/dropbox/1-ece544/projects/ip_repo/freqcounter_1.0/hdl/FreqCounter_v1_0_S00_AXI.v
#   c:/users/paul/dropbox/1-ece544/projects/ip_repo/freqcounter_1.0/hdl/FreqCounter_v1_0.v
# }
# catch { write_hwdef -file FreqCounter_v1_0.hwdef }
INFO: [Vivado_Tcl 4-279] hardware handoff file cannot be generated as there is no block diagram instance in the design
# synth_design -top FreqCounter_v1_0 -part xc7a100tcsg324-1
Command: synth_design -top FreqCounter_v1_0 -part xc7a100tcsg324-1
Starting synth_design
Attempting to get a license for feature 'Synthesis' and/or device 'xc7a100t'
INFO: [Common 17-349] Got license for feature 'Synthesis' and/or device 'xc7a100t'
INFO: [Common 17-1223] The version limit for your license is '2015.01' and will expire in -10 days. A version limit expiration means that, although you may be able to continue to use the current version of tools or IP with this license, you will not be eligible for any updates or new releases.
---------------------------------------------------------------------------------
Starting Synthesize : Time (s): cpu = 00:00:04 ; elapsed = 00:00:11 . Memory (MB): peak = 231.742 ; gain = 74.164
---------------------------------------------------------------------------------
INFO: [Synth 8-638] synthesizing module 'FreqCounter_v1_0' [c:/users/paul/dropbox/1-ece544/projects/ip_repo/freqcounter_1.0/hdl/FreqCounter_v1_0.v:4]
	Parameter C_S00_AXI_DATA_WIDTH bound to: 32 - type: integer 
	Parameter C_S00_AXI_ADDR_WIDTH bound to: 4 - type: integer 
INFO: [Synth 8-638] synthesizing module 'FreqCounter_v1_0_S00_AXI' [c:/users/paul/dropbox/1-ece544/projects/ip_repo/freqcounter_1.0/hdl/FreqCounter_v1_0_S00_AXI.v:4]
	Parameter C_S_AXI_DATA_WIDTH bound to: 32 - type: integer 
	Parameter C_S_AXI_ADDR_WIDTH bound to: 4 - type: integer 
	Parameter ADDR_LSB bound to: 2 - type: integer 
	Parameter OPT_MEM_ADDR_BITS bound to: 1 - type: integer 
INFO: [Synth 8-638] synthesizing module 'pw_det' [c:/users/paul/dropbox/1-ece544/projects/ip_repo/freqcounter_1.0/freqcounter_v1_0_v1_0_project/FreqCounter_v1_0_v1_0_project.srcs/sources_1/imports/new/pw_det.v:22]
	Parameter RESET_S bound to: 3'b000 
	Parameter WAIT_S bound to: 3'b001 
	Parameter HIGH_S bound to: 3'b010 
	Parameter LOW_S bound to: 3'b011 
	Parameter END_PERIOD_S bound to: 3'b100 
INFO: [Synth 8-256] done synthesizing module 'pw_det' (1#1) [c:/users/paul/dropbox/1-ece544/projects/ip_repo/freqcounter_1.0/freqcounter_v1_0_v1_0_project/FreqCounter_v1_0_v1_0_project.srcs/sources_1/imports/new/pw_det.v:22]
INFO: [Synth 8-226] default block is never used [c:/users/paul/dropbox/1-ece544/projects/ip_repo/freqcounter_1.0/hdl/FreqCounter_v1_0_S00_AXI.v:229]
INFO: [Synth 8-226] default block is never used [c:/users/paul/dropbox/1-ece544/projects/ip_repo/freqcounter_1.0/hdl/FreqCounter_v1_0_S00_AXI.v:370]
INFO: [Synth 8-256] done synthesizing module 'FreqCounter_v1_0_S00_AXI' (2#1) [c:/users/paul/dropbox/1-ece544/projects/ip_repo/freqcounter_1.0/hdl/FreqCounter_v1_0_S00_AXI.v:4]
WARNING: [Synth 8-350] instance 'FreqCounter_v1_0_S00_AXI_inst' of module 'FreqCounter_v1_0_S00_AXI' requires 22 connections, but only 21 given [c:/users/paul/dropbox/1-ece544/projects/ip_repo/freqcounter_1.0/hdl/FreqCounter_v1_0.v:50]
INFO: [Synth 8-256] done synthesizing module 'FreqCounter_v1_0' (3#1) [c:/users/paul/dropbox/1-ece544/projects/ip_repo/freqcounter_1.0/hdl/FreqCounter_v1_0.v:4]
---------------------------------------------------------------------------------
Finished Synthesize : Time (s): cpu = 00:00:05 ; elapsed = 00:00:12 . Memory (MB): peak = 264.934 ; gain = 107.355
---------------------------------------------------------------------------------
---------------------------------------------------------------------------------
Finished Constraint Validation : Time (s): cpu = 00:00:05 ; elapsed = 00:00:12 . Memory (MB): peak = 264.934 ; gain = 107.355
---------------------------------------------------------------------------------
---------------------------------------------------------------------------------
Start Loading Part and Timing Information
---------------------------------------------------------------------------------
Loading part: xc7a100tcsg324-1
---------------------------------------------------------------------------------
Finished Loading Part and Timing Information : Time (s): cpu = 00:00:05 ; elapsed = 00:00:12 . Memory (MB): peak = 264.934 ; gain = 107.355
---------------------------------------------------------------------------------
INFO: [Synth 8-802] inferred FSM for state register 'present_state_reg' in module 'pw_det'
ROM "high_total" won't be mapped to Block RAM because address size (3) smaller than threshold (5) 
ROM "next_state0" won't be mapped to Block RAM because address size (1) smaller than threshold (5) 
ROM "next_state0" won't be mapped to Block RAM because address size (1) smaller than threshold (5) 
ROM "next_state0" won't be mapped to Block RAM because address size (1) smaller than threshold (5) 
INFO: [Synth 8-3354] encoded FSM with state register 'present_state_reg' using encoding 'sequential' in module 'pw_det'
---------------------------------------------------------------------------------
Finished RTL Optimization Phase 2 : Time (s): cpu = 00:00:05 ; elapsed = 00:00:12 . Memory (MB): peak = 273.473 ; gain = 115.895
---------------------------------------------------------------------------------

Report RTL Partitions: 
+-+--------------+------------+----------+
| |RTL Partition |Replication |Instances |
+-+--------------+------------+----------+
+-+--------------+------------+----------+
No constraint files found.
---------------------------------------------------------------------------------
Start RTL Component Statistics 
---------------------------------------------------------------------------------
Detailed RTL Component Info : 
+---Adders : 
	   2 Input     32 Bit       Adders := 2     
+---Registers : 
	               32 Bit    Registers := 7     
	                4 Bit    Registers := 2     
	                2 Bit    Registers := 2     
	                1 Bit    Registers := 5     
+---Muxes : 
	   5 Input     32 Bit        Muxes := 4     
	   2 Input     32 Bit        Muxes := 2     
	   4 Input     32 Bit        Muxes := 3     
	   8 Input      3 Bit        Muxes := 1     
	   5 Input      1 Bit        Muxes := 3     
	   2 Input      1 Bit        Muxes := 6     
---------------------------------------------------------------------------------
Finished RTL Component Statistics 
---------------------------------------------------------------------------------
---------------------------------------------------------------------------------
Start RTL Hierarchical Component Statistics 
---------------------------------------------------------------------------------
Hierarchical RTL Component report 
Module FreqCounter_v1_0 
Detailed RTL Component Info : 
Module pw_det 
Detailed RTL Component Info : 
+---Adders : 
	   2 Input     32 Bit       Adders := 2     
+---Registers : 
	               32 Bit    Registers := 4     
+---Muxes : 
	   5 Input     32 Bit        Muxes := 4     
	   8 Input      3 Bit        Muxes := 1     
	   5 Input      1 Bit        Muxes := 3     
Module FreqCounter_v1_0_S00_AXI 
Detailed RTL Component Info : 
+---Registers : 
	               32 Bit    Registers := 3     
	                4 Bit    Registers := 2     
	                2 Bit    Registers := 2     
	                1 Bit    Registers := 5     
+---Muxes : 
	   2 Input     32 Bit        Muxes := 2     
	   4 Input     32 Bit        Muxes := 3     
	   2 Input      1 Bit        Muxes := 6     
---------------------------------------------------------------------------------
Finished RTL Hierarchical Component Statistics
---------------------------------------------------------------------------------
---------------------------------------------------------------------------------
Start Part Resource Summary
---------------------------------------------------------------------------------
Loading clock regions from C:/Xilinx/Vivado/2014.4/data\parts/xilinx/artix7/artix7/xc7a100t/ClockRegion.xml
Loading clock buffers from C:/Xilinx/Vivado/2014.4/data\parts/xilinx/artix7/artix7/xc7a100t/ClockBuffers.xml
Loading clock placement rules from C:/Xilinx/Vivado/2014.4/data/parts/xilinx/artix7/ClockPlacerRules.xml
Loading package pin functions from C:/Xilinx/Vivado/2014.4/data\parts/xilinx/artix7/PinFunctions.xml...
Loading package from C:/Xilinx/Vivado/2014.4/data\parts/xilinx/artix7/artix7/xc7a100t/csg324/Package.xml
Loading io standards from C:/Xilinx/Vivado/2014.4/data\./parts/xilinx/artix7/IOStandards.xml
Loading device configuration modes from C:/Xilinx/Vivado/2014.4/data\parts/xilinx/artix7/ConfigModes.xml
Part Resources:
DSPs: 240 (col length:80)
BRAMs: 270 (col length: RAMB18 80 RAMB36 40)
---------------------------------------------------------------------------------
Finished Part Resource Summary
---------------------------------------------------------------------------------
Start Parallel Synthesis Optimization  : Time (s): cpu = 00:00:08 ; elapsed = 00:00:15 . Memory (MB): peak = 417.938 ; gain = 260.359
---------------------------------------------------------------------------------
Start Cross Boundary Optimization
---------------------------------------------------------------------------------
WARNING: [Synth 8-3331] design FreqCounter_v1_0 has unconnected port s00_axi_awprot[2]
WARNING: [Synth 8-3331] design FreqCounter_v1_0 has unconnected port s00_axi_awprot[1]
WARNING: [Synth 8-3331] design FreqCounter_v1_0 has unconnected port s00_axi_awprot[0]
WARNING: [Synth 8-3331] design FreqCounter_v1_0 has unconnected port s00_axi_arprot[2]
WARNING: [Synth 8-3331] design FreqCounter_v1_0 has unconnected port s00_axi_arprot[1]
WARNING: [Synth 8-3331] design FreqCounter_v1_0 has unconnected port s00_axi_arprot[0]
---------------------------------------------------------------------------------
Finished Cross Boundary Optimization : Time (s): cpu = 00:00:08 ; elapsed = 00:00:15 . Memory (MB): peak = 417.938 ; gain = 260.359
---------------------------------------------------------------------------------
Finished Parallel Reinference  : Time (s): cpu = 00:00:08 ; elapsed = 00:00:15 . Memory (MB): peak = 417.938 ; gain = 260.359

Report RTL Partitions: 
+-+--------------+------------+----------+
| |RTL Partition |Replication |Instances |
+-+--------------+------------+----------+
+-+--------------+------------+----------+
---------------------------------------------------------------------------------
Start RAM, DSP and Shift Register Reporting
---------------------------------------------------------------------------------
---------------------------------------------------------------------------------
Finished RAM, DSP and Shift Register Reporting
---------------------------------------------------------------------------------
No constraint files found.
INFO: [Synth 8-3333] propagating constant 0 across sequential element (FreqCounter_v1_0_S00_AXI_insti_0/\FreqCounter_v1_0_S00_AXI_inst/FREQ_COUNTER/FSM_sequential_next_state_reg[2] )
INFO: [Synth 8-3333] propagating constant 0 across sequential element (\FreqCounter_v1_0_S00_AXI_inst/axi_rresp_reg[1] )
INFO: [Synth 8-3333] propagating constant 0 across sequential element (\FreqCounter_v1_0_S00_AXI_inst/axi_bresp_reg[1] )
WARNING: [Synth 8-3332] Sequential element (\FreqCounter_v1_0_S00_AXI_inst/FREQ_COUNTER/FSM_sequential_next_state_reg[2] ) is unused and will be removed from module FreqCounter_v1_0.
WARNING: [Synth 8-3332] Sequential element (\FreqCounter_v1_0_S00_AXI_inst/axi_bresp_reg[1] ) is unused and will be removed from module FreqCounter_v1_0.
WARNING: [Synth 8-3332] Sequential element (\FreqCounter_v1_0_S00_AXI_inst/axi_bresp_reg[0] ) is unused and will be removed from module FreqCounter_v1_0.
WARNING: [Synth 8-3332] Sequential element (\FreqCounter_v1_0_S00_AXI_inst/axi_araddr_reg[1] ) is unused and will be removed from module FreqCounter_v1_0.
WARNING: [Synth 8-3332] Sequential element (\FreqCounter_v1_0_S00_AXI_inst/axi_araddr_reg[0] ) is unused and will be removed from module FreqCounter_v1_0.
WARNING: [Synth 8-3332] Sequential element (\FreqCounter_v1_0_S00_AXI_inst/axi_awaddr_reg[1] ) is unused and will be removed from module FreqCounter_v1_0.
WARNING: [Synth 8-3332] Sequential element (\FreqCounter_v1_0_S00_AXI_inst/axi_awaddr_reg[0] ) is unused and will be removed from module FreqCounter_v1_0.
WARNING: [Synth 8-3332] Sequential element (\FreqCounter_v1_0_S00_AXI_inst/axi_rresp_reg[1] ) is unused and will be removed from module FreqCounter_v1_0.
WARNING: [Synth 8-3332] Sequential element (\FreqCounter_v1_0_S00_AXI_inst/axi_rresp_reg[0] ) is unused and will be removed from module FreqCounter_v1_0.
---------------------------------------------------------------------------------
Start Area Optimization
---------------------------------------------------------------------------------
---------------------------------------------------------------------------------
Finished Area Optimization : Time (s): cpu = 00:00:08 ; elapsed = 00:00:15 . Memory (MB): peak = 438.145 ; gain = 280.566
---------------------------------------------------------------------------------
---------------------------------------------------------------------------------
Finished Area Optimization : Time (s): cpu = 00:00:08 ; elapsed = 00:00:15 . Memory (MB): peak = 438.145 ; gain = 280.566
---------------------------------------------------------------------------------
Finished Parallel Area Optimization  : Time (s): cpu = 00:00:08 ; elapsed = 00:00:15 . Memory (MB): peak = 438.145 ; gain = 280.566

Report RTL Partitions: 
+-+--------------+------------+----------+
| |RTL Partition |Replication |Instances |
+-+--------------+------------+----------+
+-+--------------+------------+----------+
Finished Parallel Synthesis Optimization  : Time (s): cpu = 00:00:08 ; elapsed = 00:00:15 . Memory (MB): peak = 438.145 ; gain = 280.566
---------------------------------------------------------------------------------
Start Timing Optimization
---------------------------------------------------------------------------------
No constraint files found.
---------------------------------------------------------------------------------
Finished Timing Optimization : Time (s): cpu = 00:00:08 ; elapsed = 00:00:15 . Memory (MB): peak = 438.145 ; gain = 280.566
---------------------------------------------------------------------------------

Report RTL Partitions: 
+-+--------------+------------+----------+
| |RTL Partition |Replication |Instances |
+-+--------------+------------+----------+
+-+--------------+------------+----------+
---------------------------------------------------------------------------------
Start Technology Mapping
---------------------------------------------------------------------------------
---------------------------------------------------------------------------------
Finished Technology Mapping : Time (s): cpu = 00:00:08 ; elapsed = 00:00:15 . Memory (MB): peak = 438.145 ; gain = 280.566
---------------------------------------------------------------------------------

Report RTL Partitions: 
+-+--------------+------------+----------+
| |RTL Partition |Replication |Instances |
+-+--------------+------------+----------+
+-+--------------+------------+----------+
---------------------------------------------------------------------------------
Start IO Insertion
---------------------------------------------------------------------------------
---------------------------------------------------------------------------------
Start Flattening Before IO Insertion
---------------------------------------------------------------------------------
---------------------------------------------------------------------------------
Finished Flattening Before IO Insertion
---------------------------------------------------------------------------------
---------------------------------------------------------------------------------
Start Final Netlist Cleanup
---------------------------------------------------------------------------------
---------------------------------------------------------------------------------
Finished Final Netlist Cleanup
---------------------------------------------------------------------------------
---------------------------------------------------------------------------------
Finished IO Insertion : Time (s): cpu = 00:00:08 ; elapsed = 00:00:16 . Memory (MB): peak = 438.145 ; gain = 280.566
---------------------------------------------------------------------------------

Report Check Netlist: 
+------+------------------+-------+---------+-------+------------------+
|      |Item              |Errors |Warnings |Status |Description       |
+------+------------------+-------+---------+-------+------------------+
|1     |multi_driven_nets |      0|        0|Passed |Multi driven nets |
+------+------------------+-------+---------+-------+------------------+
---------------------------------------------------------------------------------
Start Renaming Generated Instances
---------------------------------------------------------------------------------
---------------------------------------------------------------------------------
Finished Renaming Generated Instances : Time (s): cpu = 00:00:08 ; elapsed = 00:00:16 . Memory (MB): peak = 438.145 ; gain = 280.566
---------------------------------------------------------------------------------

Report RTL Partitions: 
+-+--------------+------------+----------+
| |RTL Partition |Replication |Instances |
+-+--------------+------------+----------+
+-+--------------+------------+----------+
---------------------------------------------------------------------------------
Start Rebuilding User Hierarchy
---------------------------------------------------------------------------------
---------------------------------------------------------------------------------
Finished Rebuilding User Hierarchy : Time (s): cpu = 00:00:09 ; elapsed = 00:00:16 . Memory (MB): peak = 438.145 ; gain = 280.566
---------------------------------------------------------------------------------
---------------------------------------------------------------------------------
Start RAM, DSP and Shift Register Reporting
---------------------------------------------------------------------------------
---------------------------------------------------------------------------------
Finished RAM, DSP and Shift Register Reporting
---------------------------------------------------------------------------------
---------------------------------------------------------------------------------
Start Writing Synthesis Report
---------------------------------------------------------------------------------

Report BlackBoxes: 
+-+--------------+----------+
| |BlackBox name |Instances |
+-+--------------+----------+
+-+--------------+----------+

Report Cell Usage: 
+------+-------+------+
|      |Cell   |Count |
+------+-------+------+
|1     |BUFG   |     1|
|2     |CARRY4 |    16|
|3     |LUT1   |    63|
|4     |LUT2   |   129|
|5     |LUT3   |     7|
|6     |LUT4   |    12|
|7     |LUT5   |     4|
|8     |LUT6   |    32|
|9     |FDRE   |   238|
|10    |IBUF   |    47|
|11    |OBUF   |    41|
+------+-------+------+

Report Instance Areas: 
+------+--------------------------------+-------------------------+------+
|      |Instance                        |Module                   |Cells |
+------+--------------------------------+-------------------------+------+
|1     |top                             |                         |   590|
|2     |  FreqCounter_v1_0_S00_AXI_inst |FreqCounter_v1_0_S00_AXI |   501|
|3     |    FREQ_COUNTER                |pw_det                   |   345|
+------+--------------------------------+-------------------------+------+
---------------------------------------------------------------------------------
Finished Writing Synthesis Report : Time (s): cpu = 00:00:09 ; elapsed = 00:00:16 . Memory (MB): peak = 438.145 ; gain = 280.566
---------------------------------------------------------------------------------
Synthesis finished with 0 errors, 0 critical warnings and 16 warnings.
Synthesis Optimization Runtime : Time (s): cpu = 00:00:00 ; elapsed = 00:00:08 . Memory (MB): peak = 438.145 ; gain = 257.238
Synthesis Optimization Complete : Time (s): cpu = 00:00:09 ; elapsed = 00:00:16 . Memory (MB): peak = 438.145 ; gain = 280.566
INFO: [Project 1-571] Translating synthesized netlist
INFO: [Netlist 29-17] Analyzing 63 Unisim elements for replacement
INFO: [Netlist 29-28] Unisim Transformation completed in 0 CPU seconds
INFO: [Project 1-570] Preparing netlist for logic optimization
INFO: [Opt 31-140] Inserted 0 IBUFs to IO ports without IO buffers.
INFO: [Opt 31-141] Inserted 0 OBUFs to IO ports without IO buffers.
INFO: [Opt 31-138] Pushed 0 inverter(s) to 0 load pin(s).
INFO: [Project 1-111] Unisim Transformation Summary:
No Unisim elements were transformed.

INFO: [Common 17-83] Releasing license: Synthesis
24 Infos, 16 Warnings, 0 Critical Warnings and 0 Errors encountered.
synth_design completed successfully
synth_design: Time (s): cpu = 00:00:09 ; elapsed = 00:00:17 . Memory (MB): peak = 491.758 ; gain = 313.965
# write_checkpoint -noxdef FreqCounter_v1_0.dcp
# catch { report_utilization -file FreqCounter_v1_0_utilization_synth.rpt -pb FreqCounter_v1_0_utilization_synth.pb }
report_utilization: Time (s): cpu = 00:00:00 ; elapsed = 00:00:00.047 . Memory (MB): peak = 491.758 ; gain = 0.000
INFO: [Common 17-206] Exiting Vivado at Tue Feb 10 15:14:51 2015...
